<?xml version="1.0" encoding="UTF-8"?>
<!-- Generated by org.testng.reporters.JUnitReportReporter -->
<testsuite hostname="KUMARAN" failures="0" tests="14" name="org.test.TestScript" time="13.200" errors="0" timestamp="16 Apr 2024 18:14:33 GMT" skipped="0">
  <testcase classname="org.test.TestScript" name="urlLaunch" time="5.776"/>
  <testcase classname="org.test.TestScript" name="logIn" time="0.696"/>
  <testcase classname="org.test.TestScript" name="userValidation" time="0.075"/>
  <testcase classname="org.test.TestScript" name="addToCart" time="0.671"/>
  <testcase classname="org.test.TestScript" name="cartValidation" time="0.286"/>
  <testcase classname="org.test.TestScript" name="removeItem" time="0.373"/>
  <testcase classname="org.test.TestScript" name="cartProductValidating" time="0.029"/>
  <testcase classname="org.test.TestScript" name="clickcheckOutBtn" time="0.109"/>
  <testcase classname="org.test.TestScript" name="checkOutPageValidating" time="0.032"/>
  <testcase classname="org.test.TestScript" name="fillInCheckOutDetails" time="0.617"/>
  <testcase classname="org.test.TestScript" name="checkOutOverview" time="0.150"/>
  <testcase classname="org.test.TestScript" name="orderConfirmation" time="0.099"/>
  <testcase classname="org.test.TestScript" name="backHome" time="4.246"/>
  <testcase classname="org.test.TestScript" name="validateUserLoggedOut" time="0.041"/>
</testsuite> <!-- org.test.TestScript -->
